********************************************************************************
DUPLICATOR-LITE PACKAGE-LOG: 20.04.2022 15:55
NOTICE: Do NOT post to public sites or forums 
********************************************************************************
VERSION:	1.4.5
WORDPRESS:	5.8.3
PHP INFO:	7.3.31 | SAPI: fpm-fcgi
SERVER:		nginx/1.20.1 
PHP TIME LIMIT: (0) no time limit imposed 
PHP MAX MEMORY: 4294967296 (128M default) 
MEMORY STACK: 10.5MB

********************************************************************************
DATABASE:
********************************************************************************
BUILD MODE:   MYSQLDUMP
MYSQLTIMEOUT: 5000
MYSQLDUMP:    Is Supported
SQL CREATED: 20220420_masterarbeit_6195c1ee24645e165242_20220420155539_database.sql
SQL FILE SIZE: 3.99MB (4185029)
SQL FILE TIME: 2022-04-20 15:55:48
SQL RUNTIME: 0.18 sec.

********************************************************************************
ARCHIVE (ZIP):
********************************************************************************
ARCHIVE DIR:  /var/www/gwrites-ma.de
ARCHIVE FILE: 20220420_masterarbeit_6195c1ee24645e165242_20220420155539_archive.zip
FILTERS: *OFF*
DIRS:
	not set
FILES:
	not set
EXTS:  not set
----------------------------------------
COMPRESSING
SIZE:	102.17MB
STATS:	Dirs 554 | Files 4,068
SQL ADDED: 20220420_masterarbeit_6195c1ee24645e165242_20220420155539_database.sql
ZipArchive Object
(
    [lastId] => 4621
    [status] => 0
    [statusSys] => 0
    [numFiles] => 4622
    [filename] => /var/www/gwrites-ma.de/wp-content/backups-dup-lite/tmp/20220420_masterarbeit_6195c1ee24645e165242_20220420155539_archive.zip
    [comment] => 
)

FILE ADDED TO ZIP: 4621
COMPRESSION RESULT: '1'
COMPRESSED SIZE: 57.74MB
ARCHIVE RUNTIME: 5.44 sec.
MEMORY STACK: 12.5MB
building installer
add_extra_files1
add_extra_files2
add_extra_files3
add_extra_files4
Doing archive file check
add_extra_files5
add_extra_files6
add_extra_files8
Successfully opened zip /var/www/gwrites-ma.de/wp-content/backups-dup-lite/tmp/20220420_masterarbeit_6195c1ee24645e165242_20220420155539_archive.zip
Adding enhanced installer files to archive using ZipArchive
Installer files added to archive
Added to archive
After ziparchive close when adding installer

********************************************************************************
INTEGRITY CHECKS:
********************************************************************************
SQL FILE: 3.99MB
INSTALLER FILE: 64.6KB
ARCHIVE FILE: 58.76MB 
EXPECTED FILE/DIRECTORY COUNT: 4,622
ACTUAL FILE/DIRECTORY COUNT: 4,621
ARCHIVE CONSISTENCY TEST: Pass

********************************************************************************
RECORD ID:[1]
TOTAL PROCESS RUNTIME: 6.14 sec.
PEAK PHP MEMORY USED: 12.5MB
DONE PROCESSING => 20220420_masterarbeit 20.04.2022 15:55

